[debug] [2026-02-25T15:49:31.594Z] ----------------------------------------------------------------------
[debug] [2026-02-25T15:49:31.598Z] Command:       C:\Program Files\nodejs\node.exe C:\Users\User\AppData\Roaming\npm\node_modules\firebase-tools\lib\bin\firebase.js deploy --only functions --debug
[debug] [2026-02-25T15:49:31.599Z] CLI Version:   15.7.0
[debug] [2026-02-25T15:49:31.599Z] Platform:      win32
[debug] [2026-02-25T15:49:31.600Z] Node Version:  v22.17.1
[debug] [2026-02-25T15:49:31.600Z] Time:          Wed Feb 25 2026 17:49:31 GMT+0200 (South Africa Standard Time)
[debug] [2026-02-25T15:49:31.600Z] ----------------------------------------------------------------------
[debug] 
[debug] [2026-02-25T15:49:36.943Z] > command requires scopes: ["email","openid","https://www.googleapis.com/auth/cloudplatformprojects.readonly","https://www.googleapis.com/auth/firebase","https://www.googleapis.com/auth/cloud-platform"]
[debug] [2026-02-25T15:49:36.953Z] > authorizing via signed-in user (carissavannah@gmail.com)
[debug] [2026-02-25T15:49:36.955Z] [iam] checking project vinyl-store-5dacb for permissions ["cloudfunctions.functions.create","cloudfunctions.functions.delete","cloudfunctions.functions.get","cloudfunctions.functions.list","cloudfunctions.functions.update","cloudfunctions.operations.get","firebase.projects.get"]
[debug] [2026-02-25T15:49:36.965Z] Checked if tokens are valid: true, expires at: 1772036131367
[debug] [2026-02-25T15:49:36.971Z] Checked if tokens are valid: true, expires at: 1772036131367
[debug] [2026-02-25T15:49:36.977Z] >>> [apiv2][query] POST https://cloudresourcemanager.googleapis.com/v1/projects/vinyl-store-5dacb:testIamPermissions [none]
[debug] [2026-02-25T15:49:36.980Z] >>> [apiv2][(partial)header] POST https://cloudresourcemanager.googleapis.com/v1/projects/vinyl-store-5dacb:testIamPermissions  x-goog-user-project=vinyl-store-5dacb
[debug] [2026-02-25T15:49:36.982Z] >>> [apiv2][body] POST https://cloudresourcemanager.googleapis.com/v1/projects/vinyl-store-5dacb:testIamPermissions {"permissions":["cloudfunctions.functions.create","cloudfunctions.functions.delete","cloudfunctions.functions.get","cloudfunctions.functions.list","cloudfunctions.functions.update","cloudfunctions.operations.get","firebase.projects.get"]}
[debug] [2026-02-25T15:49:38.907Z] <<< [apiv2][status] POST https://cloudresourcemanager.googleapis.com/v1/projects/vinyl-store-5dacb:testIamPermissions 200
[debug] [2026-02-25T15:49:38.912Z] <<< [apiv2][body] POST https://cloudresourcemanager.googleapis.com/v1/projects/vinyl-store-5dacb:testIamPermissions {"permissions":["cloudfunctions.functions.create","cloudfunctions.functions.delete","cloudfunctions.functions.get","cloudfunctions.functions.list","cloudfunctions.functions.update","cloudfunctions.operations.get","firebase.projects.get"]}
[debug] [2026-02-25T15:49:38.915Z] Checked if tokens are valid: true, expires at: 1772036131367
[debug] [2026-02-25T15:49:38.916Z] Checked if tokens are valid: true, expires at: 1772036131367
[debug] [2026-02-25T15:49:38.917Z] >>> [apiv2][query] POST https://iam.googleapis.com/v1/projects/vinyl-store-5dacb/serviceAccounts/vinyl-store-5dacb@appspot.gserviceaccount.com:testIamPermissions [none]
[debug] [2026-02-25T15:49:38.925Z] >>> [apiv2][body] POST https://iam.googleapis.com/v1/projects/vinyl-store-5dacb/serviceAccounts/vinyl-store-5dacb@appspot.gserviceaccount.com:testIamPermissions {"permissions":["iam.serviceAccounts.actAs"]}
[debug] [2026-02-25T15:49:40.819Z] <<< [apiv2][status] POST https://iam.googleapis.com/v1/projects/vinyl-store-5dacb/serviceAccounts/vinyl-store-5dacb@appspot.gserviceaccount.com:testIamPermissions 200
[debug] [2026-02-25T15:49:40.820Z] <<< [apiv2][body] POST https://iam.googleapis.com/v1/projects/vinyl-store-5dacb/serviceAccounts/vinyl-store-5dacb@appspot.gserviceaccount.com:testIamPermissions {"permissions":["iam.serviceAccounts.actAs"]}
[info] 
[info] === Deploying to 'vinyl-store-5dacb'...
[info] 
[info] i  deploying functions 
[info] Running command: npm --prefix "$RESOURCE_DIR" run lint
[info] +  functions: Finished running predeploy script. 
[debug] [2026-02-25T15:49:42.461Z] Checked if tokens are valid: true, expires at: 1772036131367
[debug] [2026-02-25T15:49:42.463Z] Checked if tokens are valid: true, expires at: 1772036131367
[debug] [2026-02-25T15:49:42.464Z] >>> [apiv2][query] GET https://cloudresourcemanager.googleapis.com/v1/projects/vinyl-store-5dacb [none]
[debug] [2026-02-25T15:49:42.804Z] <<< [apiv2][status] GET https://cloudresourcemanager.googleapis.com/v1/projects/vinyl-store-5dacb 200
[debug] [2026-02-25T15:49:42.805Z] <<< [apiv2][body] GET https://cloudresourcemanager.googleapis.com/v1/projects/vinyl-store-5dacb {"projectNumber":"309226868343","projectId":"vinyl-store-5dacb","lifecycleState":"ACTIVE","name":"Vinyl-Store","labels":{"firebase":"enabled","firebase-core":"disabled"},"createTime":"2026-02-11T14:21:55.037460Z"}
[info] i  functions: preparing codebase default for deployment 
[info] i  functions: ensuring required API cloudfunctions.googleapis.com is enabled... 
[info] i  functions: ensuring required API cloudbuild.googleapis.com is enabled... 
[info] i  artifactregistry: ensuring required API artifactregistry.googleapis.com is enabled... 
[debug] [2026-02-25T15:49:42.813Z] Checked if tokens are valid: true, expires at: 1772036131367
[debug] [2026-02-25T15:49:42.814Z] Checked if tokens are valid: true, expires at: 1772036131367
[debug] [2026-02-25T15:49:42.816Z] >>> [apiv2][query] GET https://firebase.googleapis.com/v1beta1/projects/vinyl-store-5dacb/adminSdkConfig [none]
[debug] [2026-02-25T15:49:43.821Z] <<< [apiv2][status] GET https://firebase.googleapis.com/v1beta1/projects/vinyl-store-5dacb/adminSdkConfig 200
[debug] [2026-02-25T15:49:43.822Z] <<< [apiv2][body] GET https://firebase.googleapis.com/v1beta1/projects/vinyl-store-5dacb/adminSdkConfig {"projectId":"vinyl-store-5dacb","storageBucket":"vinyl-store-5dacb.firebasestorage.app"}
[debug] [2026-02-25T15:49:43.825Z] Checked if tokens are valid: true, expires at: 1772036131367
[debug] [2026-02-25T15:49:43.825Z] Checked if tokens are valid: true, expires at: 1772036131367
[debug] [2026-02-25T15:49:43.826Z] >>> [apiv2][query] GET https://runtimeconfig.googleapis.com/v1beta1/projects/vinyl-store-5dacb/configs [none]
[debug] [2026-02-25T15:49:45.029Z] <<< [apiv2][status] GET https://runtimeconfig.googleapis.com/v1beta1/projects/vinyl-store-5dacb/configs 200
[debug] [2026-02-25T15:49:45.030Z] <<< [apiv2][body] GET https://runtimeconfig.googleapis.com/v1beta1/projects/vinyl-store-5dacb/configs {"configs":[{"name":"projects/vinyl-store-5dacb/configs/algolia"}]}
[debug] [2026-02-25T15:49:45.031Z] Checked if tokens are valid: true, expires at: 1772036131367
[debug] [2026-02-25T15:49:45.032Z] Checked if tokens are valid: true, expires at: 1772036131367
[debug] [2026-02-25T15:49:45.033Z] >>> [apiv2][query] GET https://runtimeconfig.googleapis.com/v1beta1/projects/vinyl-store-5dacb/configs/algolia/variables [none]
[debug] [2026-02-25T15:49:45.901Z] <<< [apiv2][status] GET https://runtimeconfig.googleapis.com/v1beta1/projects/vinyl-store-5dacb/configs/algolia/variables 200
[debug] [2026-02-25T15:49:45.902Z] <<< [apiv2][body] GET https://runtimeconfig.googleapis.com/v1beta1/projects/vinyl-store-5dacb/configs/algolia/variables {"variables":[{"name":"projects/vinyl-store-5dacb/configs/algolia/variables/app_id","updateTime":"2026-02-25T15:48:40.898907732Z"},{"name":"projects/vinyl-store-5dacb/configs/algolia/variables/admin_key","updateTime":"2026-02-25T14:51:58.793969341Z"},{"name":"projects/vinyl-store-5dacb/configs/algolia/variables/api_key","updateTime":"2026-02-25T15:48:40.559801489Z"}]}
[debug] [2026-02-25T15:49:45.904Z] Checked if tokens are valid: true, expires at: 1772036131367
[debug] [2026-02-25T15:49:45.905Z] Checked if tokens are valid: true, expires at: 1772036131367
[debug] [2026-02-25T15:49:45.908Z] Checked if tokens are valid: true, expires at: 1772036131367
[debug] [2026-02-25T15:49:45.909Z] Checked if tokens are valid: true, expires at: 1772036131367
[debug] [2026-02-25T15:49:45.911Z] Checked if tokens are valid: true, expires at: 1772036131367
[debug] [2026-02-25T15:49:45.915Z] Checked if tokens are valid: true, expires at: 1772036131367
[debug] [2026-02-25T15:49:45.924Z] >>> [apiv2][query] GET https://runtimeconfig.googleapis.com/v1beta1/projects/vinyl-store-5dacb/configs/algolia/variables/app_id [none]
[debug] [2026-02-25T15:49:45.927Z] >>> [apiv2][query] GET https://runtimeconfig.googleapis.com/v1beta1/projects/vinyl-store-5dacb/configs/algolia/variables/admin_key [none]
[debug] [2026-02-25T15:49:45.933Z] >>> [apiv2][query] GET https://runtimeconfig.googleapis.com/v1beta1/projects/vinyl-store-5dacb/configs/algolia/variables/api_key [none]
[debug] [2026-02-25T15:49:46.530Z] <<< [apiv2][status] GET https://runtimeconfig.googleapis.com/v1beta1/projects/vinyl-store-5dacb/configs/algolia/variables/api_key 200
[debug] [2026-02-25T15:49:46.531Z] <<< [apiv2][body] GET https://runtimeconfig.googleapis.com/v1beta1/projects/vinyl-store-5dacb/configs/algolia/variables/api_key {"name":"projects/vinyl-store-5dacb/configs/algolia/variables/api_key","updateTime":"2026-02-25T15:48:40.559801489Z","text":"ce2c1ac368551d2f5b5d80c1f31cd53a"}
[debug] [2026-02-25T15:49:46.788Z] <<< [apiv2][status] GET https://runtimeconfig.googleapis.com/v1beta1/projects/vinyl-store-5dacb/configs/algolia/variables/app_id 200
[debug] [2026-02-25T15:49:46.791Z] <<< [apiv2][body] GET https://runtimeconfig.googleapis.com/v1beta1/projects/vinyl-store-5dacb/configs/algolia/variables/app_id {"name":"projects/vinyl-store-5dacb/configs/algolia/variables/app_id","updateTime":"2026-02-25T15:48:40.898907732Z","text":"A44M9Y9W8K"}
[debug] [2026-02-25T15:49:47.032Z] <<< [apiv2][status] GET https://runtimeconfig.googleapis.com/v1beta1/projects/vinyl-store-5dacb/configs/algolia/variables/admin_key 200
[debug] [2026-02-25T15:49:47.033Z] <<< [apiv2][body] GET https://runtimeconfig.googleapis.com/v1beta1/projects/vinyl-store-5dacb/configs/algolia/variables/admin_key {"name":"projects/vinyl-store-5dacb/configs/algolia/variables/admin_key","updateTime":"2026-02-25T14:51:58.793969341Z","text":"ce2c1ac368551d2f5b5d80c1f31cd53a"}
[debug] [2026-02-25T15:49:47.038Z] Validating nodejs source
[warn] !  functions: Runtime Node.js 20 will be deprecated on 2026-04-30 and will be decommissioned on 2026-10-30, after which you will not be able to deploy without upgrading. Consider upgrading now to avoid disruption. See https://cloud.google.com/functions/docs/runtime-support for full details on the lifecycle policy 
[warn] !  functions: package.json indicates an outdated version of firebase-functions. Please upgrade using npm install --save firebase-functions@latest in your functions directory. 
[warn] !  functions: Please note that there will be breaking changes when you upgrade. 
[debug] [2026-02-25T15:49:49.229Z] > [functions] package.json contents: {
  "name": "functions",
  "description": "Cloud Functions for Firebase",
  "scripts": {
    "lint": "echo 'skipping lint'",
    "serve": "firebase emulators:start --only functions",
    "shell": "firebase functions:shell",
    "start": "npm run shell",
    "deploy": "firebase deploy --only functions",
    "logs": "firebase functions:log"
  },
  "engines": {
    "node": "20"
  },
  "main": "index.js",
  "dependencies": {
    "algoliasearch": "^5.49.1",
    "firebase-admin": "^12.7.0",
    "firebase-functions": "^6.6.0"
  },
  "devDependencies": {
    "eslint": "^8.15.0",
    "eslint-config-google": "^0.14.0",
    "firebase-functions-test": "^3.1.0"
  },
  "private": true
}
[debug] [2026-02-25T15:49:49.233Z] Building nodejs source
[info] i  functions: Loading and analyzing source code for codebase default to determine what to deploy 
[debug] [2026-02-25T15:49:49.239Z] Could not find functions.yaml. Must use http discovery
[debug] [2026-02-25T15:49:49.269Z] Found firebase-functions binary at 'C:\Users\User\OneDrive - University of Cape Town\UNI\2026\INF4027W\Mini Code Project\ProjectCode\vinyl-store\functions\node_modules\.bin\firebase-functions'
[info] Serving at port 8502

[error] TypeError: algoliasearch is not a function
    at Object.<anonymous> (C:\Users\User\OneDrive - University of Cape Town\UNI\2026\INF4027W\Mini Code Project\ProjectCode\vinyl-store\functions\index.js:16:18)
    at Module._compile (node:internal/modules/cjs/loader:1730:14)
    at Object..js (node:internal/modules/cjs/loader:1895:10)
    at Module.load (node:internal/modules/cjs/loader:1465:32)
    at Function._load (node:internal/modules/cjs/loader:1282:12)
    at TracingChannel.traceSync (node:diagnostics_channel:322:14)
    at wrapModuleLoad (node:internal/modules/cjs/loader:235:24)
    at Module.require (node:internal/modules/cjs/loader:1487:12)
    at require (node:internal/modules/helpers:135:16)
    at loadModule (C:\Users\User\OneDrive - University of Cape Town\UNI\2026\INF4027W\Mini Code Project\ProjectCode\vinyl-store\functions\node_modules\firebase-functions\lib\runtime\loader.js:40:16)

[debug] [2026-02-25T15:49:51.647Z] Got response code 400; body Failed to generate manifest from function source: algoliasearch is not a function
[error] 
[error] Error: Functions codebase could not be analyzed successfully. It may have a syntax or runtime error
[debug] [2026-02-25T15:51:21.293Z] ----------------------------------------------------------------------
[debug] [2026-02-25T15:51:21.302Z] Command:       C:\Program Files\nodejs\node.exe C:\Users\User\AppData\Roaming\npm\node_modules\firebase-tools\lib\bin\firebase.js deploy --only functions --debug
[debug] [2026-02-25T15:51:21.304Z] CLI Version:   15.7.0
[debug] [2026-02-25T15:51:21.304Z] Platform:      win32
[debug] [2026-02-25T15:51:21.304Z] Node Version:  v22.17.1
[debug] [2026-02-25T15:51:21.305Z] Time:          Wed Feb 25 2026 17:51:21 GMT+0200 (South Africa Standard Time)
[debug] [2026-02-25T15:51:21.305Z] ----------------------------------------------------------------------
[debug] 
[debug] [2026-02-25T15:51:26.509Z] > command requires scopes: ["email","openid","https://www.googleapis.com/auth/cloudplatformprojects.readonly","https://www.googleapis.com/auth/firebase","https://www.googleapis.com/auth/cloud-platform"]
[debug] [2026-02-25T15:51:26.514Z] > authorizing via signed-in user (carissavannah@gmail.com)
[debug] [2026-02-25T15:51:26.516Z] [iam] checking project vinyl-store-5dacb for permissions ["cloudfunctions.functions.create","cloudfunctions.functions.delete","cloudfunctions.functions.get","cloudfunctions.functions.list","cloudfunctions.functions.update","cloudfunctions.operations.get","firebase.projects.get"]
[debug] [2026-02-25T15:51:26.519Z] Checked if tokens are valid: true, expires at: 1772036131367
[debug] [2026-02-25T15:51:26.520Z] Checked if tokens are valid: true, expires at: 1772036131367
[debug] [2026-02-25T15:51:26.524Z] >>> [apiv2][query] POST https://cloudresourcemanager.googleapis.com/v1/projects/vinyl-store-5dacb:testIamPermissions [none]
[debug] [2026-02-25T15:51:26.526Z] >>> [apiv2][(partial)header] POST https://cloudresourcemanager.googleapis.com/v1/projects/vinyl-store-5dacb:testIamPermissions  x-goog-user-project=vinyl-store-5dacb
[debug] [2026-02-25T15:51:26.528Z] >>> [apiv2][body] POST https://cloudresourcemanager.googleapis.com/v1/projects/vinyl-store-5dacb:testIamPermissions {"permissions":["cloudfunctions.functions.create","cloudfunctions.functions.delete","cloudfunctions.functions.get","cloudfunctions.functions.list","cloudfunctions.functions.update","cloudfunctions.operations.get","firebase.projects.get"]}
[debug] [2026-02-25T15:51:28.473Z] <<< [apiv2][status] POST https://cloudresourcemanager.googleapis.com/v1/projects/vinyl-store-5dacb:testIamPermissions 200
[debug] [2026-02-25T15:51:28.475Z] <<< [apiv2][body] POST https://cloudresourcemanager.googleapis.com/v1/projects/vinyl-store-5dacb:testIamPermissions {"permissions":["cloudfunctions.functions.create","cloudfunctions.functions.delete","cloudfunctions.functions.get","cloudfunctions.functions.list","cloudfunctions.functions.update","cloudfunctions.operations.get","firebase.projects.get"]}
[debug] [2026-02-25T15:51:28.478Z] Checked if tokens are valid: true, expires at: 1772036131367
[debug] [2026-02-25T15:51:28.479Z] Checked if tokens are valid: true, expires at: 1772036131367
[debug] [2026-02-25T15:51:28.483Z] >>> [apiv2][query] POST https://iam.googleapis.com/v1/projects/vinyl-store-5dacb/serviceAccounts/vinyl-store-5dacb@appspot.gserviceaccount.com:testIamPermissions [none]
[debug] [2026-02-25T15:51:28.487Z] >>> [apiv2][body] POST https://iam.googleapis.com/v1/projects/vinyl-store-5dacb/serviceAccounts/vinyl-store-5dacb@appspot.gserviceaccount.com:testIamPermissions {"permissions":["iam.serviceAccounts.actAs"]}
[debug] [2026-02-25T15:51:30.207Z] <<< [apiv2][status] POST https://iam.googleapis.com/v1/projects/vinyl-store-5dacb/serviceAccounts/vinyl-store-5dacb@appspot.gserviceaccount.com:testIamPermissions 200
[debug] [2026-02-25T15:51:30.208Z] <<< [apiv2][body] POST https://iam.googleapis.com/v1/projects/vinyl-store-5dacb/serviceAccounts/vinyl-store-5dacb@appspot.gserviceaccount.com:testIamPermissions {"permissions":["iam.serviceAccounts.actAs"]}
[info] 
[info] === Deploying to 'vinyl-store-5dacb'...
[info] 
[info] i  deploying functions 
[info] Running command: npm --prefix "$RESOURCE_DIR" run lint
[info] +  functions: Finished running predeploy script. 
[debug] [2026-02-25T15:51:31.580Z] Checked if tokens are valid: true, expires at: 1772036131367
[debug] [2026-02-25T15:51:31.581Z] Checked if tokens are valid: true, expires at: 1772036131367
[debug] [2026-02-25T15:51:31.582Z] >>> [apiv2][query] GET https://cloudresourcemanager.googleapis.com/v1/projects/vinyl-store-5dacb [none]
[debug] [2026-02-25T15:51:31.944Z] <<< [apiv2][status] GET https://cloudresourcemanager.googleapis.com/v1/projects/vinyl-store-5dacb 200
[debug] [2026-02-25T15:51:31.949Z] <<< [apiv2][body] GET https://cloudresourcemanager.googleapis.com/v1/projects/vinyl-store-5dacb {"projectNumber":"309226868343","projectId":"vinyl-store-5dacb","lifecycleState":"ACTIVE","name":"Vinyl-Store","labels":{"firebase":"enabled","firebase-core":"disabled"},"createTime":"2026-02-11T14:21:55.037460Z"}
[info] i  functions: preparing codebase default for deployment 
[info] i  functions: ensuring required API cloudfunctions.googleapis.com is enabled... 
[info] i  functions: ensuring required API cloudbuild.googleapis.com is enabled... 
[info] i  artifactregistry: ensuring required API artifactregistry.googleapis.com is enabled... 
[debug] [2026-02-25T15:51:31.972Z] Checked if tokens are valid: true, expires at: 1772036131367
[debug] [2026-02-25T15:51:31.974Z] Checked if tokens are valid: true, expires at: 1772036131367
[debug] [2026-02-25T15:51:31.977Z] >>> [apiv2][query] GET https://firebase.googleapis.com/v1beta1/projects/vinyl-store-5dacb/adminSdkConfig [none]
[debug] [2026-02-25T15:51:32.916Z] <<< [apiv2][status] GET https://firebase.googleapis.com/v1beta1/projects/vinyl-store-5dacb/adminSdkConfig 200
[debug] [2026-02-25T15:51:32.917Z] <<< [apiv2][body] GET https://firebase.googleapis.com/v1beta1/projects/vinyl-store-5dacb/adminSdkConfig {"projectId":"vinyl-store-5dacb","storageBucket":"vinyl-store-5dacb.firebasestorage.app"}
[debug] [2026-02-25T15:51:32.919Z] Checked if tokens are valid: true, expires at: 1772036131367
[debug] [2026-02-25T15:51:32.920Z] Checked if tokens are valid: true, expires at: 1772036131367
[debug] [2026-02-25T15:51:32.921Z] >>> [apiv2][query] GET https://runtimeconfig.googleapis.com/v1beta1/projects/vinyl-store-5dacb/configs [none]
[debug] [2026-02-25T15:51:33.690Z] <<< [apiv2][status] GET https://runtimeconfig.googleapis.com/v1beta1/projects/vinyl-store-5dacb/configs 200
[debug] [2026-02-25T15:51:33.691Z] <<< [apiv2][body] GET https://runtimeconfig.googleapis.com/v1beta1/projects/vinyl-store-5dacb/configs {"configs":[{"name":"projects/vinyl-store-5dacb/configs/algolia"}]}
[debug] [2026-02-25T15:51:33.693Z] Checked if tokens are valid: true, expires at: 1772036131367
[debug] [2026-02-25T15:51:33.694Z] Checked if tokens are valid: true, expires at: 1772036131367
[debug] [2026-02-25T15:51:33.699Z] >>> [apiv2][query] GET https://runtimeconfig.googleapis.com/v1beta1/projects/vinyl-store-5dacb/configs/algolia/variables [none]
[debug] [2026-02-25T15:51:34.606Z] <<< [apiv2][status] GET https://runtimeconfig.googleapis.com/v1beta1/projects/vinyl-store-5dacb/configs/algolia/variables 200
[debug] [2026-02-25T15:51:34.607Z] <<< [apiv2][body] GET https://runtimeconfig.googleapis.com/v1beta1/projects/vinyl-store-5dacb/configs/algolia/variables {"variables":[{"name":"projects/vinyl-store-5dacb/configs/algolia/variables/admin_key","updateTime":"2026-02-25T14:51:58.793969341Z"},{"name":"projects/vinyl-store-5dacb/configs/algolia/variables/api_key","updateTime":"2026-02-25T15:48:40.559801489Z"},{"name":"projects/vinyl-store-5dacb/configs/algolia/variables/app_id","updateTime":"2026-02-25T15:48:40.898907732Z"}]}
[debug] [2026-02-25T15:51:34.612Z] Checked if tokens are valid: true, expires at: 1772036131367
[debug] [2026-02-25T15:51:34.613Z] Checked if tokens are valid: true, expires at: 1772036131367
[debug] [2026-02-25T15:51:34.616Z] Checked if tokens are valid: true, expires at: 1772036131367
[debug] [2026-02-25T15:51:34.617Z] Checked if tokens are valid: true, expires at: 1772036131367
[debug] [2026-02-25T15:51:34.619Z] Checked if tokens are valid: true, expires at: 1772036131367
[debug] [2026-02-25T15:51:34.620Z] Checked if tokens are valid: true, expires at: 1772036131367
[debug] [2026-02-25T15:51:34.622Z] >>> [apiv2][query] GET https://runtimeconfig.googleapis.com/v1beta1/projects/vinyl-store-5dacb/configs/algolia/variables/admin_key [none]
[debug] [2026-02-25T15:51:34.628Z] >>> [apiv2][query] GET https://runtimeconfig.googleapis.com/v1beta1/projects/vinyl-store-5dacb/configs/algolia/variables/api_key [none]
[debug] [2026-02-25T15:51:34.640Z] >>> [apiv2][query] GET https://runtimeconfig.googleapis.com/v1beta1/projects/vinyl-store-5dacb/configs/algolia/variables/app_id [none]
[debug] [2026-02-25T15:51:35.217Z] <<< [apiv2][status] GET https://runtimeconfig.googleapis.com/v1beta1/projects/vinyl-store-5dacb/configs/algolia/variables/admin_key 200
[debug] [2026-02-25T15:51:35.219Z] <<< [apiv2][body] GET https://runtimeconfig.googleapis.com/v1beta1/projects/vinyl-store-5dacb/configs/algolia/variables/admin_key {"name":"projects/vinyl-store-5dacb/configs/algolia/variables/admin_key","updateTime":"2026-02-25T14:51:58.793969341Z","text":"ce2c1ac368551d2f5b5d80c1f31cd53a"}
[debug] [2026-02-25T15:51:35.432Z] <<< [apiv2][status] GET https://runtimeconfig.googleapis.com/v1beta1/projects/vinyl-store-5dacb/configs/algolia/variables/api_key 200
[debug] [2026-02-25T15:51:35.434Z] <<< [apiv2][body] GET https://runtimeconfig.googleapis.com/v1beta1/projects/vinyl-store-5dacb/configs/algolia/variables/api_key {"name":"projects/vinyl-store-5dacb/configs/algolia/variables/api_key","updateTime":"2026-02-25T15:48:40.559801489Z","text":"ce2c1ac368551d2f5b5d80c1f31cd53a"}
[debug] [2026-02-25T15:51:35.437Z] <<< [apiv2][status] GET https://runtimeconfig.googleapis.com/v1beta1/projects/vinyl-store-5dacb/configs/algolia/variables/app_id 200
[debug] [2026-02-25T15:51:35.438Z] <<< [apiv2][body] GET https://runtimeconfig.googleapis.com/v1beta1/projects/vinyl-store-5dacb/configs/algolia/variables/app_id {"name":"projects/vinyl-store-5dacb/configs/algolia/variables/app_id","updateTime":"2026-02-25T15:48:40.898907732Z","text":"A44M9Y9W8K"}
[debug] [2026-02-25T15:51:35.447Z] Validating nodejs source
[warn] !  functions: Runtime Node.js 20 will be deprecated on 2026-04-30 and will be decommissioned on 2026-10-30, after which you will not be able to deploy without upgrading. Consider upgrading now to avoid disruption. See https://cloud.google.com/functions/docs/runtime-support for full details on the lifecycle policy 
[warn] !  functions: package.json indicates an outdated version of firebase-functions. Please upgrade using npm install --save firebase-functions@latest in your functions directory. 
[warn] !  functions: Please note that there will be breaking changes when you upgrade. 
[debug] [2026-02-25T15:51:38.032Z] > [functions] package.json contents: {
  "name": "functions",
  "description": "Cloud Functions for Firebase",
  "scripts": {
    "lint": "echo 'skipping lint'",
    "serve": "firebase emulators:start --only functions",
    "shell": "firebase functions:shell",
    "start": "npm run shell",
    "deploy": "firebase deploy --only functions",
    "logs": "firebase functions:log"
  },
  "engines": {
    "node": "20"
  },
  "main": "index.js",
  "dependencies": {
    "algoliasearch": "^5.49.1",
    "firebase-admin": "^12.7.0",
    "firebase-functions": "^6.6.0"
  },
  "devDependencies": {
    "eslint": "^8.15.0",
    "eslint-config-google": "^0.14.0",
    "firebase-functions-test": "^3.1.0"
  },
  "private": true
}
[debug] [2026-02-25T15:51:38.040Z] Building nodejs source
[info] i  functions: Loading and analyzing source code for codebase default to determine what to deploy 
[debug] [2026-02-25T15:51:38.045Z] Could not find functions.yaml. Must use http discovery
[debug] [2026-02-25T15:51:38.080Z] Found firebase-functions binary at 'C:\Users\User\OneDrive - University of Cape Town\UNI\2026\INF4027W\Mini Code Project\ProjectCode\vinyl-store\functions\node_modules\.bin\firebase-functions'
[info] Serving at port 8878

[error] TypeError: algoliasearch is not a function
    at Object.<anonymous> (C:\Users\User\OneDrive - University of Cape Town\UNI\2026\INF4027W\Mini Code Project\ProjectCode\vinyl-store\functions\index.js:17:18)
    at Module._compile (node:internal/modules/cjs/loader:1730:14)
    at Object..js (node:internal/modules/cjs/loader:1895:10)
    at Module.load (node:internal/modules/cjs/loader:1465:32)
    at Function._load (node:internal/modules/cjs/loader:1282:12)
    at TracingChannel.traceSync (node:diagnostics_channel:322:14)
    at wrapModuleLoad (node:internal/modules/cjs/loader:235:24)
    at Module.require (node:internal/modules/cjs/loader:1487:12)
    at require (node:internal/modules/helpers:135:16)
    at loadModule (C:\Users\User\OneDrive - University of Cape Town\UNI\2026\INF4027W\Mini Code Project\ProjectCode\vinyl-store\functions\node_modules\firebase-functions\lib\runtime\loader.js:40:16)

[debug] [2026-02-25T15:51:40.783Z] Got response code 400; body Failed to generate manifest from function source: algoliasearch is not a function
[error] 
[error] Error: Functions codebase could not be analyzed successfully. It may have a syntax or runtime error
[debug] [2026-02-25T15:52:32.431Z] ----------------------------------------------------------------------
[debug] [2026-02-25T15:52:32.445Z] Command:       C:\Program Files\nodejs\node.exe C:\Users\User\AppData\Roaming\npm\node_modules\firebase-tools\lib\bin\firebase.js deploy --only functions --debug
[debug] [2026-02-25T15:52:32.447Z] CLI Version:   15.7.0
[debug] [2026-02-25T15:52:32.448Z] Platform:      win32
[debug] [2026-02-25T15:52:32.449Z] Node Version:  v22.17.1
[debug] [2026-02-25T15:52:32.451Z] Time:          Wed Feb 25 2026 17:52:32 GMT+0200 (South Africa Standard Time)
[debug] [2026-02-25T15:52:32.451Z] ----------------------------------------------------------------------
[debug] 
[debug] [2026-02-25T15:52:37.908Z] > command requires scopes: ["email","openid","https://www.googleapis.com/auth/cloudplatformprojects.readonly","https://www.googleapis.com/auth/firebase","https://www.googleapis.com/auth/cloud-platform"]
[debug] [2026-02-25T15:52:37.912Z] > authorizing via signed-in user (carissavannah@gmail.com)
[debug] [2026-02-25T15:52:37.913Z] [iam] checking project vinyl-store-5dacb for permissions ["cloudfunctions.functions.create","cloudfunctions.functions.delete","cloudfunctions.functions.get","cloudfunctions.functions.list","cloudfunctions.functions.update","cloudfunctions.operations.get","firebase.projects.get"]
[debug] [2026-02-25T15:52:37.917Z] Checked if tokens are valid: true, expires at: 1772036131367
[debug] [2026-02-25T15:52:37.918Z] Checked if tokens are valid: true, expires at: 1772036131367
[debug] [2026-02-25T15:52:37.922Z] >>> [apiv2][query] POST https://cloudresourcemanager.googleapis.com/v1/projects/vinyl-store-5dacb:testIamPermissions [none]
[debug] [2026-02-25T15:52:37.925Z] >>> [apiv2][(partial)header] POST https://cloudresourcemanager.googleapis.com/v1/projects/vinyl-store-5dacb:testIamPermissions  x-goog-user-project=vinyl-store-5dacb
[debug] [2026-02-25T15:52:37.926Z] >>> [apiv2][body] POST https://cloudresourcemanager.googleapis.com/v1/projects/vinyl-store-5dacb:testIamPermissions {"permissions":["cloudfunctions.functions.create","cloudfunctions.functions.delete","cloudfunctions.functions.get","cloudfunctions.functions.list","cloudfunctions.functions.update","cloudfunctions.operations.get","firebase.projects.get"]}
[debug] [2026-02-25T15:52:39.965Z] <<< [apiv2][status] POST https://cloudresourcemanager.googleapis.com/v1/projects/vinyl-store-5dacb:testIamPermissions 200
[debug] [2026-02-25T15:52:39.967Z] <<< [apiv2][body] POST https://cloudresourcemanager.googleapis.com/v1/projects/vinyl-store-5dacb:testIamPermissions {"permissions":["cloudfunctions.functions.create","cloudfunctions.functions.delete","cloudfunctions.functions.get","cloudfunctions.functions.list","cloudfunctions.functions.update","cloudfunctions.operations.get","firebase.projects.get"]}
[debug] [2026-02-25T15:52:39.973Z] Checked if tokens are valid: true, expires at: 1772036131367
[debug] [2026-02-25T15:52:39.975Z] Checked if tokens are valid: true, expires at: 1772036131367
[debug] [2026-02-25T15:52:39.977Z] >>> [apiv2][query] POST https://iam.googleapis.com/v1/projects/vinyl-store-5dacb/serviceAccounts/vinyl-store-5dacb@appspot.gserviceaccount.com:testIamPermissions [none]
[debug] [2026-02-25T15:52:39.978Z] >>> [apiv2][body] POST https://iam.googleapis.com/v1/projects/vinyl-store-5dacb/serviceAccounts/vinyl-store-5dacb@appspot.gserviceaccount.com:testIamPermissions {"permissions":["iam.serviceAccounts.actAs"]}
[debug] [2026-02-25T15:52:41.694Z] <<< [apiv2][status] POST https://iam.googleapis.com/v1/projects/vinyl-store-5dacb/serviceAccounts/vinyl-store-5dacb@appspot.gserviceaccount.com:testIamPermissions 200
[debug] [2026-02-25T15:52:41.697Z] <<< [apiv2][body] POST https://iam.googleapis.com/v1/projects/vinyl-store-5dacb/serviceAccounts/vinyl-store-5dacb@appspot.gserviceaccount.com:testIamPermissions {"permissions":["iam.serviceAccounts.actAs"]}
[info] 
[info] === Deploying to 'vinyl-store-5dacb'...
[info] 
[info] i  deploying functions 
[info] Running command: npm --prefix "$RESOURCE_DIR" run lint
[info] +  functions: Finished running predeploy script. 
[debug] [2026-02-25T15:52:43.267Z] Checked if tokens are valid: true, expires at: 1772036131367
[debug] [2026-02-25T15:52:43.267Z] Checked if tokens are valid: true, expires at: 1772036131367
[debug] [2026-02-25T15:52:43.269Z] >>> [apiv2][query] GET https://cloudresourcemanager.googleapis.com/v1/projects/vinyl-store-5dacb [none]
[debug] [2026-02-25T15:52:43.730Z] <<< [apiv2][status] GET https://cloudresourcemanager.googleapis.com/v1/projects/vinyl-store-5dacb 200
[debug] [2026-02-25T15:52:43.732Z] <<< [apiv2][body] GET https://cloudresourcemanager.googleapis.com/v1/projects/vinyl-store-5dacb {"projectNumber":"309226868343","projectId":"vinyl-store-5dacb","lifecycleState":"ACTIVE","name":"Vinyl-Store","labels":{"firebase":"enabled","firebase-core":"disabled"},"createTime":"2026-02-11T14:21:55.037460Z"}
[info] i  functions: preparing codebase default for deployment 
[info] i  functions: ensuring required API cloudfunctions.googleapis.com is enabled... 
[info] i  functions: ensuring required API cloudbuild.googleapis.com is enabled... 
[info] i  artifactregistry: ensuring required API artifactregistry.googleapis.com is enabled... 
[debug] [2026-02-25T15:52:43.753Z] Checked if tokens are valid: true, expires at: 1772036131367
[debug] [2026-02-25T15:52:43.757Z] Checked if tokens are valid: true, expires at: 1772036131367
[debug] [2026-02-25T15:52:43.759Z] >>> [apiv2][query] GET https://firebase.googleapis.com/v1beta1/projects/vinyl-store-5dacb/adminSdkConfig [none]
[debug] [2026-02-25T15:52:44.686Z] <<< [apiv2][status] GET https://firebase.googleapis.com/v1beta1/projects/vinyl-store-5dacb/adminSdkConfig 200
[debug] [2026-02-25T15:52:44.690Z] <<< [apiv2][body] GET https://firebase.googleapis.com/v1beta1/projects/vinyl-store-5dacb/adminSdkConfig {"projectId":"vinyl-store-5dacb","storageBucket":"vinyl-store-5dacb.firebasestorage.app"}
[debug] [2026-02-25T15:52:44.692Z] Checked if tokens are valid: true, expires at: 1772036131367
[debug] [2026-02-25T15:52:44.693Z] Checked if tokens are valid: true, expires at: 1772036131367
[debug] [2026-02-25T15:52:44.695Z] >>> [apiv2][query] GET https://runtimeconfig.googleapis.com/v1beta1/projects/vinyl-store-5dacb/configs [none]
[debug] [2026-02-25T15:52:45.380Z] <<< [apiv2][status] GET https://runtimeconfig.googleapis.com/v1beta1/projects/vinyl-store-5dacb/configs 200
[debug] [2026-02-25T15:52:45.381Z] <<< [apiv2][body] GET https://runtimeconfig.googleapis.com/v1beta1/projects/vinyl-store-5dacb/configs {"configs":[{"name":"projects/vinyl-store-5dacb/configs/algolia"}]}
[debug] [2026-02-25T15:52:45.382Z] Checked if tokens are valid: true, expires at: 1772036131367
[debug] [2026-02-25T15:52:45.382Z] Checked if tokens are valid: true, expires at: 1772036131367
[debug] [2026-02-25T15:52:45.383Z] >>> [apiv2][query] GET https://runtimeconfig.googleapis.com/v1beta1/projects/vinyl-store-5dacb/configs/algolia/variables [none]
[debug] [2026-02-25T15:52:45.828Z] <<< [apiv2][status] GET https://runtimeconfig.googleapis.com/v1beta1/projects/vinyl-store-5dacb/configs/algolia/variables 200
[debug] [2026-02-25T15:52:45.829Z] <<< [apiv2][body] GET https://runtimeconfig.googleapis.com/v1beta1/projects/vinyl-store-5dacb/configs/algolia/variables {"variables":[{"name":"projects/vinyl-store-5dacb/configs/algolia/variables/app_id","updateTime":"2026-02-25T15:48:40.898907732Z"},{"name":"projects/vinyl-store-5dacb/configs/algolia/variables/admin_key","updateTime":"2026-02-25T14:51:58.793969341Z"},{"name":"projects/vinyl-store-5dacb/configs/algolia/variables/api_key","updateTime":"2026-02-25T15:48:40.559801489Z"}]}
[debug] [2026-02-25T15:52:45.833Z] Checked if tokens are valid: true, expires at: 1772036131367
[debug] [2026-02-25T15:52:45.834Z] Checked if tokens are valid: true, expires at: 1772036131367
[debug] [2026-02-25T15:52:45.835Z] Checked if tokens are valid: true, expires at: 1772036131367
[debug] [2026-02-25T15:52:45.837Z] Checked if tokens are valid: true, expires at: 1772036131367
[debug] [2026-02-25T15:52:45.840Z] Checked if tokens are valid: true, expires at: 1772036131367
[debug] [2026-02-25T15:52:45.843Z] Checked if tokens are valid: true, expires at: 1772036131367
[debug] [2026-02-25T15:52:45.845Z] >>> [apiv2][query] GET https://runtimeconfig.googleapis.com/v1beta1/projects/vinyl-store-5dacb/configs/algolia/variables/app_id [none]
[debug] [2026-02-25T15:52:45.849Z] >>> [apiv2][query] GET https://runtimeconfig.googleapis.com/v1beta1/projects/vinyl-store-5dacb/configs/algolia/variables/admin_key [none]
[debug] [2026-02-25T15:52:45.860Z] >>> [apiv2][query] GET https://runtimeconfig.googleapis.com/v1beta1/projects/vinyl-store-5dacb/configs/algolia/variables/api_key [none]
[debug] [2026-02-25T15:52:46.738Z] <<< [apiv2][status] GET https://runtimeconfig.googleapis.com/v1beta1/projects/vinyl-store-5dacb/configs/algolia/variables/app_id 200
[debug] [2026-02-25T15:52:46.741Z] <<< [apiv2][body] GET https://runtimeconfig.googleapis.com/v1beta1/projects/vinyl-store-5dacb/configs/algolia/variables/app_id {"name":"projects/vinyl-store-5dacb/configs/algolia/variables/app_id","updateTime":"2026-02-25T15:48:40.898907732Z","text":"A44M9Y9W8K"}
[debug] [2026-02-25T15:52:47.034Z] <<< [apiv2][status] GET https://runtimeconfig.googleapis.com/v1beta1/projects/vinyl-store-5dacb/configs/algolia/variables/admin_key 200
[debug] [2026-02-25T15:52:47.080Z] <<< [apiv2][body] GET https://runtimeconfig.googleapis.com/v1beta1/projects/vinyl-store-5dacb/configs/algolia/variables/admin_key {"name":"projects/vinyl-store-5dacb/configs/algolia/variables/admin_key","updateTime":"2026-02-25T14:51:58.793969341Z","text":"ce2c1ac368551d2f5b5d80c1f31cd53a"}
[debug] [2026-02-25T15:52:47.085Z] <<< [apiv2][status] GET https://runtimeconfig.googleapis.com/v1beta1/projects/vinyl-store-5dacb/configs/algolia/variables/api_key 200
[debug] [2026-02-25T15:52:47.088Z] <<< [apiv2][body] GET https://runtimeconfig.googleapis.com/v1beta1/projects/vinyl-store-5dacb/configs/algolia/variables/api_key {"name":"projects/vinyl-store-5dacb/configs/algolia/variables/api_key","updateTime":"2026-02-25T15:48:40.559801489Z","text":"ce2c1ac368551d2f5b5d80c1f31cd53a"}
[debug] [2026-02-25T15:52:47.098Z] Validating nodejs source
[warn] !  functions: Runtime Node.js 20 will be deprecated on 2026-04-30 and will be decommissioned on 2026-10-30, after which you will not be able to deploy without upgrading. Consider upgrading now to avoid disruption. See https://cloud.google.com/functions/docs/runtime-support for full details on the lifecycle policy 
[warn] !  functions: package.json indicates an outdated version of firebase-functions. Please upgrade using npm install --save firebase-functions@latest in your functions directory. 
[warn] !  functions: Please note that there will be breaking changes when you upgrade. 
[debug] [2026-02-25T15:52:49.432Z] > [functions] package.json contents: {
  "name": "functions",
  "description": "Cloud Functions for Firebase",
  "scripts": {
    "lint": "echo 'skipping lint'",
    "serve": "firebase emulators:start --only functions",
    "shell": "firebase functions:shell",
    "start": "npm run shell",
    "deploy": "firebase deploy --only functions",
    "logs": "firebase functions:log"
  },
  "engines": {
    "node": "20"
  },
  "main": "index.js",
  "dependencies": {
    "algoliasearch": "^5.49.1",
    "firebase-admin": "^12.7.0",
    "firebase-functions": "^6.6.0"
  },
  "devDependencies": {
    "eslint": "^8.15.0",
    "eslint-config-google": "^0.14.0",
    "firebase-functions-test": "^3.1.0"
  },
  "private": true
}
[debug] [2026-02-25T15:52:49.442Z] Building nodejs source
[info] i  functions: Loading and analyzing source code for codebase default to determine what to deploy 
[debug] [2026-02-25T15:52:49.458Z] Could not find functions.yaml. Must use http discovery
[debug] [2026-02-25T15:52:49.490Z] Found firebase-functions binary at 'C:\Users\User\OneDrive - University of Cape Town\UNI\2026\INF4027W\Mini Code Project\ProjectCode\vinyl-store\functions\node_modules\.bin\firebase-functions'
[info] Serving at port 8226

[error] TypeError: client.initIndex is not a function
    at Object.<anonymous> (C:\Users\User\OneDrive - University of Cape Town\UNI\2026\INF4027W\Mini Code Project\ProjectCode\vinyl-store\functions\index.js:18:18)
    at Module._compile (node:internal/modules/cjs/loader:1730:14)
    at Object..js (node:internal/modules/cjs/loader:1895:10)
    at Module.load (node:internal/modules/cjs/loader:1465:32)
    at Function._load (node:internal/modules/cjs/loader:1282:12)
    at TracingChannel.traceSync (node:diagnostics_channel:322:14)
    at wrapModuleLoad (node:internal/modules/cjs/loader:235:24)
    at Module.require (node:internal/modules/cjs/loader:1487:12)
    at require (node:internal/modules/helpers:135:16)
    at loadModule (C:\Users\User\OneDrive - University of Cape Town\UNI\2026\INF4027W\Mini Code Project\ProjectCode\vinyl-store\functions\node_modules\firebase-functions\lib\runtime\loader.js:40:16)

[debug] [2026-02-25T15:52:52.193Z] Got response code 400; body Failed to generate manifest from function source: client.initIndex is not a function
[error] 
[error] Error: Functions codebase could not be analyzed successfully. It may have a syntax or runtime error
